<?xml version="1.0" encoding="UTF-8"?>
<!-- Generated by org.testng.reporters.JUnitReportReporter -->
<testsuite hostname="Sonalis-MacBook-Pro.local" failures="0" tests="1" name="ApplicationTests.DropDownTest" time="0.422" errors="0" timestamp="2021-02-16T15:28:35 PST" skipped="0">
  <testcase classname="ApplicationTests.DropDownTest" name="dropDownTest" time="0.422"/>
  <system-out/>
</testsuite> <!-- ApplicationTests.DropDownTest -->
