<?xml version="1.0" encoding="UTF-8"?>
<!-- Generated by org.testng.reporters.JUnitReportReporter -->
<testsuite hostname="Sonalis-MacBook-Pro.local" failures="0" tests="1" name="ApplicationTests.BasicAuthHandelTest" time="0.001" errors="0" timestamp="2021-02-16T15:28:35 PST" skipped="0">
  <testcase classname="ApplicationTests.BasicAuthHandelTest" name="loginWithCredentials" time="0.001"/>
  <system-out/>
</testsuite> <!-- ApplicationTests.BasicAuthHandelTest -->
