<?xml version="1.0" encoding="UTF-8"?>
<!-- Generated by org.testng.reporters.JUnitReportReporter -->
<testsuite hostname="Sonalis-MacBook-Pro.local" failures="0" tests="2" name="APITest.BaseApiTest" time="0.000" errors="0" timestamp="2021-02-16T15:28:35 PST" skipped="0">
  <testcase classname="APITest.BaseApiTest" name="postCallTestNegative" time="0.000"/>
  <system-out/>
  <testcase classname="APITest.BaseApiTest" name="postCallTest" time="0.000"/>
  <system-out/>
</testsuite> <!-- APITest.BaseApiTest -->
