<?xml version="1.0" encoding="UTF-8"?>
<!-- Generated by org.testng.reporters.JUnitReportReporter -->
<testsuite hostname="Sonalis-MacBook-Pro.local" failures="0" tests="1" name="ApplicationTests.BasicAuthHandelTest" time="0.000" errors="0" timestamp="2021-02-13T22:35:58 PST" skipped="0">
  <testcase classname="ApplicationTests.BasicAuthHandelTest" name="loginWithCredentials" time="0.000"/>
  <system-out/>
</testsuite> <!-- ApplicationTests.BasicAuthHandelTest -->
